[2022-05-14 16:00:54,086] INFO Registered kafka:type=kafka.Log4jController MBean (kafka.utils.Log4jControllerRegistration$)
[2022-05-14 16:00:54,258] INFO Setting -D jdk.tls.rejectClientInitiatedRenegotiation=true to disable client-initiated TLS renegotiation (org.apache.zookeeper.common.X509Util)
[2022-05-14 16:00:54,322] INFO Registered signal handlers for TERM, INT, HUP (org.apache.kafka.common.utils.LoggingSignalHandler)
[2022-05-14 16:00:54,324] INFO starting (kafka.server.KafkaServer)
[2022-05-14 16:00:54,324] INFO Connecting to zookeeper on localhost:2181 (kafka.server.KafkaServer)
[2022-05-14 16:00:54,336] INFO [ZooKeeperClient Kafka server] Initializing a new session to localhost:2181. (kafka.zookeeper.ZooKeeperClient)
[2022-05-14 16:00:54,345] INFO Client environment:zookeeper.version=3.6.3--6401e4ad2087061bc6b9f80dec2d69f2e3c8660a, built on 04/08/2021 16:35 GMT (org.apache.zookeeper.ZooKeeper)
[2022-05-14 16:00:54,345] INFO Client environment:host.name=<NA> (org.apache.zookeeper.ZooKeeper)
[2022-05-14 16:00:54,345] INFO Client environment:java.version=18.0.1 (org.apache.zookeeper.ZooKeeper)
[2022-05-14 16:00:54,345] INFO Client environment:java.vendor=N/A (org.apache.zookeeper.ZooKeeper)
[2022-05-14 16:00:54,345] INFO Client environment:java.home=/usr/lib/jvm/java-18-openjdk (org.apache.zookeeper.ZooKeeper)
[2022-05-14 16:00:54,345] INFO Client environment:java.class.path=/home/bearkiller/dev/SoftwareArchitectures/project2/kafka_2.13-3.1.0/bin/../libs/activation-1.1.1.jar:/home/bearkiller/dev/SoftwareArchitectures/project2/kafka_2.13-3.1.0/bin/../libs/aopalliance-repackaged-2.6.1.jar:/home/bearkiller/dev/SoftwareArchitectures/project2/kafka_2.13-3.1.0/bin/../libs/argparse4j-0.7.0.jar:/home/bearkiller/dev/SoftwareArchitectures/project2/kafka_2.13-3.1.0/bin/../libs/audience-annotations-0.5.0.jar:/home/bearkiller/dev/SoftwareArchitectures/project2/kafka_2.13-3.1.0/bin/../libs/commons-cli-1.4.jar:/home/bearkiller/dev/SoftwareArchitectures/project2/kafka_2.13-3.1.0/bin/../libs/commons-lang3-3.8.1.jar:/home/bearkiller/dev/SoftwareArchitectures/project2/kafka_2.13-3.1.0/bin/../libs/connect-api-3.1.0.jar:/home/bearkiller/dev/SoftwareArchitectures/project2/kafka_2.13-3.1.0/bin/../libs/connect-basic-auth-extension-3.1.0.jar:/home/bearkiller/dev/SoftwareArchitectures/project2/kafka_2.13-3.1.0/bin/../libs/connect-file-3.1.0.jar:/home/bearkiller/dev/SoftwareArchitectures/project2/kafka_2.13-3.1.0/bin/../libs/connect-json-3.1.0.jar:/home/bearkiller/dev/SoftwareArchitectures/project2/kafka_2.13-3.1.0/bin/../libs/connect-mirror-3.1.0.jar:/home/bearkiller/dev/SoftwareArchitectures/project2/kafka_2.13-3.1.0/bin/../libs/connect-mirror-client-3.1.0.jar:/home/bearkiller/dev/SoftwareArchitectures/project2/kafka_2.13-3.1.0/bin/../libs/connect-runtime-3.1.0.jar:/home/bearkiller/dev/SoftwareArchitectures/project2/kafka_2.13-3.1.0/bin/../libs/connect-transforms-3.1.0.jar:/home/bearkiller/dev/SoftwareArchitectures/project2/kafka_2.13-3.1.0/bin/../libs/hk2-api-2.6.1.jar:/home/bearkiller/dev/SoftwareArchitectures/project2/kafka_2.13-3.1.0/bin/../libs/hk2-locator-2.6.1.jar:/home/bearkiller/dev/SoftwareArchitectures/project2/kafka_2.13-3.1.0/bin/../libs/hk2-utils-2.6.1.jar:/home/bearkiller/dev/SoftwareArchitectures/project2/kafka_2.13-3.1.0/bin/../libs/jackson-annotations-2.12.3.jar:/home/bearkiller/dev/SoftwareArchitectures/project2/kafka_2.13-3.1.0/bin/../libs/jackson-core-2.12.3.jar:/home/bearkiller/dev/SoftwareArchitectures/project2/kafka_2.13-3.1.0/bin/../libs/jackson-databind-2.12.3.jar:/home/bearkiller/dev/SoftwareArchitectures/project2/kafka_2.13-3.1.0/bin/../libs/jackson-dataformat-csv-2.12.3.jar:/home/bearkiller/dev/SoftwareArchitectures/project2/kafka_2.13-3.1.0/bin/../libs/jackson-datatype-jdk8-2.12.3.jar:/home/bearkiller/dev/SoftwareArchitectures/project2/kafka_2.13-3.1.0/bin/../libs/jackson-jaxrs-base-2.12.3.jar:/home/bearkiller/dev/SoftwareArchitectures/project2/kafka_2.13-3.1.0/bin/../libs/jackson-jaxrs-json-provider-2.12.3.jar:/home/bearkiller/dev/SoftwareArchitectures/project2/kafka_2.13-3.1.0/bin/../libs/jackson-module-jaxb-annotations-2.12.3.jar:/home/bearkiller/dev/SoftwareArchitectures/project2/kafka_2.13-3.1.0/bin/../libs/jackson-module-scala_2.13-2.12.3.jar:/home/bearkiller/dev/SoftwareArchitectures/project2/kafka_2.13-3.1.0/bin/../libs/jakarta.activation-api-1.2.1.jar:/home/bearkiller/dev/SoftwareArchitectures/project2/kafka_2.13-3.1.0/bin/../libs/jakarta.annotation-api-1.3.5.jar:/home/bearkiller/dev/SoftwareArchitectures/project2/kafka_2.13-3.1.0/bin/../libs/jakarta.inject-2.6.1.jar:/home/bearkiller/dev/SoftwareArchitectures/project2/kafka_2.13-3.1.0/bin/../libs/jakarta.validation-api-2.0.2.jar:/home/bearkiller/dev/SoftwareArchitectures/project2/kafka_2.13-3.1.0/bin/../libs/jakarta.ws.rs-api-2.1.6.jar:/home/bearkiller/dev/SoftwareArchitectures/project2/kafka_2.13-3.1.0/bin/../libs/jakarta.xml.bind-api-2.3.2.jar:/home/bearkiller/dev/SoftwareArchitectures/project2/kafka_2.13-3.1.0/bin/../libs/javassist-3.27.0-GA.jar:/home/bearkiller/dev/SoftwareArchitectures/project2/kafka_2.13-3.1.0/bin/../libs/javax.servlet-api-3.1.0.jar:/home/bearkiller/dev/SoftwareArchitectures/project2/kafka_2.13-3.1.0/bin/../libs/javax.ws.rs-api-2.1.1.jar:/home/bearkiller/dev/SoftwareArchitectures/project2/kafka_2.13-3.1.0/bin/../libs/jaxb-api-2.3.0.jar:/home/bearkiller/dev/SoftwareArchitectures/project2/kafka_2.13-3.1.0/bin/../libs/jersey-client-2.34.jar:/home/bearkiller/dev/SoftwareArchitectures/project2/kafka_2.13-3.1.0/bin/../libs/jersey-common-2.34.jar:/home/bearkiller/dev/SoftwareArchitectures/project2/kafka_2.13-3.1.0/bin/../libs/jersey-container-servlet-2.34.jar:/home/bearkiller/dev/SoftwareArchitectures/project2/kafka_2.13-3.1.0/bin/../libs/jersey-container-servlet-core-2.34.jar:/home/bearkiller/dev/SoftwareArchitectures/project2/kafka_2.13-3.1.0/bin/../libs/jersey-hk2-2.34.jar:/home/bearkiller/dev/SoftwareArchitectures/project2/kafka_2.13-3.1.0/bin/../libs/jersey-server-2.34.jar:/home/bearkiller/dev/SoftwareArchitectures/project2/kafka_2.13-3.1.0/bin/../libs/jetty-client-9.4.43.v20210629.jar:/home/bearkiller/dev/SoftwareArchitectures/project2/kafka_2.13-3.1.0/bin/../libs/jetty-continuation-9.4.43.v20210629.jar:/home/bearkiller/dev/SoftwareArchitectures/project2/kafka_2.13-3.1.0/bin/../libs/jetty-http-9.4.43.v20210629.jar:/home/bearkiller/dev/SoftwareArchitectures/project2/kafka_2.13-3.1.0/bin/../libs/jetty-io-9.4.43.v20210629.jar:/home/bearkiller/dev/SoftwareArchitectures/project2/kafka_2.13-3.1.0/bin/../libs/jetty-security-9.4.43.v20210629.jar:/home/bearkiller/dev/SoftwareArchitectures/project2/kafka_2.13-3.1.0/bin/../libs/jetty-server-9.4.43.v20210629.jar:/home/bearkiller/dev/SoftwareArchitectures/project2/kafka_2.13-3.1.0/bin/../libs/jetty-servlet-9.4.43.v20210629.jar:/home/bearkiller/dev/SoftwareArchitectures/project2/kafka_2.13-3.1.0/bin/../libs/jetty-servlets-9.4.43.v20210629.jar:/home/bearkiller/dev/SoftwareArchitectures/project2/kafka_2.13-3.1.0/bin/../libs/jetty-util-9.4.43.v20210629.jar:/home/bearkiller/dev/SoftwareArchitectures/project2/kafka_2.13-3.1.0/bin/../libs/jetty-util-ajax-9.4.43.v20210629.jar:/home/bearkiller/dev/SoftwareArchitectures/project2/kafka_2.13-3.1.0/bin/../libs/jline-3.12.1.jar:/home/bearkiller/dev/SoftwareArchitectures/project2/kafka_2.13-3.1.0/bin/../libs/jopt-simple-5.0.4.jar:/home/bearkiller/dev/SoftwareArchitectures/project2/kafka_2.13-3.1.0/bin/../libs/jose4j-0.7.8.jar:/home/bearkiller/dev/SoftwareArchitectures/project2/kafka_2.13-3.1.0/bin/../libs/kafka_2.13-3.1.0.jar:/home/bearkiller/dev/SoftwareArchitectures/project2/kafka_2.13-3.1.0/bin/../libs/kafka-clients-3.1.0.jar:/home/bearkiller/dev/SoftwareArchitectures/project2/kafka_2.13-3.1.0/bin/../libs/kafka-log4j-appender-3.1.0.jar:/home/bearkiller/dev/SoftwareArchitectures/project2/kafka_2.13-3.1.0/bin/../libs/kafka-metadata-3.1.0.jar:/home/bearkiller/dev/SoftwareArchitectures/project2/kafka_2.13-3.1.0/bin/../libs/kafka-raft-3.1.0.jar:/home/bearkiller/dev/SoftwareArchitectures/project2/kafka_2.13-3.1.0/bin/../libs/kafka-server-common-3.1.0.jar:/home/bearkiller/dev/SoftwareArchitectures/project2/kafka_2.13-3.1.0/bin/../libs/kafka-shell-3.1.0.jar:/home/bearkiller/dev/SoftwareArchitectures/project2/kafka_2.13-3.1.0/bin/../libs/kafka-storage-3.1.0.jar:/home/bearkiller/dev/SoftwareArchitectures/project2/kafka_2.13-3.1.0/bin/../libs/kafka-storage-api-3.1.0.jar:/home/bearkiller/dev/SoftwareArchitectures/project2/kafka_2.13-3.1.0/bin/../libs/kafka-streams-3.1.0.jar:/home/bearkiller/dev/SoftwareArchitectures/project2/kafka_2.13-3.1.0/bin/../libs/kafka-streams-examples-3.1.0.jar:/home/bearkiller/dev/SoftwareArchitectures/project2/kafka_2.13-3.1.0/bin/../libs/kafka-streams-scala_2.13-3.1.0.jar:/home/bearkiller/dev/SoftwareArchitectures/project2/kafka_2.13-3.1.0/bin/../libs/kafka-streams-test-utils-3.1.0.jar:/home/bearkiller/dev/SoftwareArchitectures/project2/kafka_2.13-3.1.0/bin/../libs/kafka-tools-3.1.0.jar:/home/bearkiller/dev/SoftwareArchitectures/project2/kafka_2.13-3.1.0/bin/../libs/log4j-1.2.17.jar:/home/bearkiller/dev/SoftwareArchitectures/project2/kafka_2.13-3.1.0/bin/../libs/lz4-java-1.8.0.jar:/home/bearkiller/dev/SoftwareArchitectures/project2/kafka_2.13-3.1.0/bin/../libs/maven-artifact-3.8.1.jar:/home/bearkiller/dev/SoftwareArchitectures/project2/kafka_2.13-3.1.0/bin/../libs/metrics-core-2.2.0.jar:/home/bearkiller/dev/SoftwareArchitectures/project2/kafka_2.13-3.1.0/bin/../libs/metrics-core-4.1.12.1.jar:/home/bearkiller/dev/SoftwareArchitectures/project2/kafka_2.13-3.1.0/bin/../libs/netty-buffer-4.1.68.Final.jar:/home/bearkiller/dev/SoftwareArchitectures/project2/kafka_2.13-3.1.0/bin/../libs/netty-codec-4.1.68.Final.jar:/home/bearkiller/dev/SoftwareArchitectures/project2/kafka_2.13-3.1.0/bin/../libs/netty-common-4.1.68.Final.jar:/home/bearkiller/dev/SoftwareArchitectures/project2/kafka_2.13-3.1.0/bin/../libs/netty-handler-4.1.68.Final.jar:/home/bearkiller/dev/SoftwareArchitectures/project2/kafka_2.13-3.1.0/bin/../libs/netty-resolver-4.1.68.Final.jar:/home/bearkiller/dev/SoftwareArchitectures/project2/kafka_2.13-3.1.0/bin/../libs/netty-transport-4.1.68.Final.jar:/home/bearkiller/dev/SoftwareArchitectures/project2/kafka_2.13-3.1.0/bin/../libs/netty-transport-native-epoll-4.1.68.Final.jar:/home/bearkiller/dev/SoftwareArchitectures/project2/kafka_2.13-3.1.0/bin/../libs/netty-transport-native-unix-common-4.1.68.Final.jar:/home/bearkiller/dev/SoftwareArchitectures/project2/kafka_2.13-3.1.0/bin/../libs/osgi-resource-locator-1.0.3.jar:/home/bearkiller/dev/SoftwareArchitectures/project2/kafka_2.13-3.1.0/bin/../libs/paranamer-2.8.jar:/home/bearkiller/dev/SoftwareArchitectures/project2/kafka_2.13-3.1.0/bin/../libs/plexus-utils-3.2.1.jar:/home/bearkiller/dev/SoftwareArchitectures/project2/kafka_2.13-3.1.0/bin/../libs/reflections-0.9.12.jar:/home/bearkiller/dev/SoftwareArchitectures/project2/kafka_2.13-3.1.0/bin/../libs/rocksdbjni-6.22.1.1.jar:/home/bearkiller/dev/SoftwareArchitectures/project2/kafka_2.13-3.1.0/bin/../libs/scala-collection-compat_2.13-2.4.4.jar:/home/bearkiller/dev/SoftwareArchitectures/project2/kafka_2.13-3.1.0/bin/../libs/scala-java8-compat_2.13-1.0.0.jar:/home/bearkiller/dev/SoftwareArchitectures/project2/kafka_2.13-3.1.0/bin/../libs/scala-library-2.13.6.jar:/home/bearkiller/dev/SoftwareArchitectures/project2/kafka_2.13-3.1.0/bin/../libs/scala-logging_2.13-3.9.3.jar:/home/bearkiller/dev/SoftwareArchitectures/project2/kafka_2.13-3.1.0/bin/../libs/scala-reflect-2.13.6.jar:/home/bearkiller/dev/SoftwareArchitectures/project2/kafka_2.13-3.1.0/bin/../libs/slf4j-api-1.7.30.jar:/home/bearkiller/dev/SoftwareArchitectures/project2/kafka_2.13-3.1.0/bin/../libs/slf4j-log4j12-1.7.30.jar:/home/bearkiller/dev/SoftwareArchitectures/project2/kafka_2.13-3.1.0/bin/../libs/snappy-java-1.1.8.4.jar:/home/bearkiller/dev/SoftwareArchitectures/project2/kafka_2.13-3.1.0/bin/../libs/trogdor-3.1.0.jar:/home/bearkiller/dev/SoftwareArchitectures/project2/kafka_2.13-3.1.0/bin/../libs/zookeeper-3.6.3.jar:/home/bearkiller/dev/SoftwareArchitectures/project2/kafka_2.13-3.1.0/bin/../libs/zookeeper-jute-3.6.3.jar:/home/bearkiller/dev/SoftwareArchitectures/project2/kafka_2.13-3.1.0/bin/../libs/zstd-jni-1.5.0-4.jar (org.apache.zookeeper.ZooKeeper)
[2022-05-14 16:00:54,346] INFO Client environment:java.library.path=/usr/java/packages/lib:/usr/lib64:/lib64:/lib:/usr/lib (org.apache.zookeeper.ZooKeeper)
[2022-05-14 16:00:54,346] INFO Client environment:java.io.tmpdir=/tmp (org.apache.zookeeper.ZooKeeper)
[2022-05-14 16:00:54,346] INFO Client environment:java.compiler=<NA> (org.apache.zookeeper.ZooKeeper)
[2022-05-14 16:00:54,346] INFO Client environment:os.name=Linux (org.apache.zookeeper.ZooKeeper)
[2022-05-14 16:00:54,346] INFO Client environment:os.arch=amd64 (org.apache.zookeeper.ZooKeeper)
[2022-05-14 16:00:54,346] INFO Client environment:os.version=5.17.4-arch1-1 (org.apache.zookeeper.ZooKeeper)
[2022-05-14 16:00:54,346] INFO Client environment:user.name=root (org.apache.zookeeper.ZooKeeper)
[2022-05-14 16:00:54,346] INFO Client environment:user.home=/root (org.apache.zookeeper.ZooKeeper)
[2022-05-14 16:00:54,346] INFO Client environment:user.dir=/home/bearkiller/dev/SoftwareArchitectures/project2/kafka_2.13-3.1.0/bin (org.apache.zookeeper.ZooKeeper)
[2022-05-14 16:00:54,346] INFO Client environment:os.memory.free=1013MB (org.apache.zookeeper.ZooKeeper)
[2022-05-14 16:00:54,347] INFO Client environment:os.memory.max=1024MB (org.apache.zookeeper.ZooKeeper)
[2022-05-14 16:00:54,347] INFO Client environment:os.memory.total=1024MB (org.apache.zookeeper.ZooKeeper)
[2022-05-14 16:00:54,348] INFO Initiating client connection, connectString=localhost:2181 sessionTimeout=18000 watcher=kafka.zookeeper.ZooKeeperClient$ZooKeeperClientWatcher$@57ea113a (org.apache.zookeeper.ZooKeeper)
[2022-05-14 16:00:54,353] INFO jute.maxbuffer value is 4194304 Bytes (org.apache.zookeeper.ClientCnxnSocket)
[2022-05-14 16:00:54,357] INFO zookeeper.request.timeout value is 0. feature enabled=false (org.apache.zookeeper.ClientCnxn)
[2022-05-14 16:00:54,358] INFO [ZooKeeperClient Kafka server] Waiting until connected. (kafka.zookeeper.ZooKeeperClient)
[2022-05-14 16:00:54,361] INFO Opening socket connection to server localhost/127.0.0.1:2181. (org.apache.zookeeper.ClientCnxn)
[2022-05-14 16:00:54,361] INFO SASL config status: Will not attempt to authenticate using SASL (unknown error) (org.apache.zookeeper.ClientCnxn)
[2022-05-14 16:00:54,364] WARN Session 0x0 for sever localhost/127.0.0.1:2181, Closing socket connection. Attempting reconnect except it is a SessionExpiredException. (org.apache.zookeeper.ClientCnxn)
java.net.ConnectException: Connection refused
	at java.base/sun.nio.ch.Net.pollConnect(Native Method)
	at java.base/sun.nio.ch.Net.pollConnectNow(Net.java:672)
	at java.base/sun.nio.ch.SocketChannelImpl.finishConnect(SocketChannelImpl.java:946)
	at org.apache.zookeeper.ClientCnxnSocketNIO.doTransport(ClientCnxnSocketNIO.java:344)
	at org.apache.zookeeper.ClientCnxn$SendThread.run(ClientCnxn.java:1290)
[2022-05-14 16:00:54,499] INFO Terminating process due to signal SIGINT (org.apache.kafka.common.utils.LoggingSignalHandler)
[2022-05-14 16:00:54,502] INFO shutting down (kafka.server.KafkaServer)
[2022-05-14 16:00:54,504] ERROR Fatal error during KafkaServer shutdown. (kafka.server.KafkaServer)
java.lang.IllegalStateException: Kafka server is still starting up, cannot shut down!
	at kafka.server.KafkaServer.shutdown(KafkaServer.scala:696)
	at kafka.Kafka$.$anonfun$main$3(Kafka.scala:100)
	at kafka.utils.Exit$.$anonfun$addShutdownHook$1(Exit.scala:38)
	at java.base/java.lang.Thread.run(Thread.java:833)
[2022-05-14 16:00:54,505] ERROR Halting Kafka. (kafka.Kafka$)
[2022-05-14 16:01:01,968] INFO Reading configuration from: config/zookeeper.properties (org.apache.zookeeper.server.quorum.QuorumPeerConfig)
[2022-05-14 16:01:01,968] WARN config/zookeeper.properties is relative. Prepend ./ to indicate that you're sure! (org.apache.zookeeper.server.quorum.QuorumPeerConfig)
[2022-05-14 16:01:01,969] ERROR Invalid config, exiting abnormally (org.apache.zookeeper.server.quorum.QuorumPeerMain)
org.apache.zookeeper.server.quorum.QuorumPeerConfig$ConfigException: Error processing config/zookeeper.properties
	at org.apache.zookeeper.server.quorum.QuorumPeerConfig.parse(QuorumPeerConfig.java:198)
	at org.apache.zookeeper.server.quorum.QuorumPeerMain.initializeAndRun(QuorumPeerMain.java:124)
	at org.apache.zookeeper.server.quorum.QuorumPeerMain.main(QuorumPeerMain.java:90)
Caused by: java.lang.IllegalArgumentException: config/zookeeper.properties file is missing
	at org.apache.zookeeper.server.util.VerifyingFileFactory.doFailForNonExistingPath(VerifyingFileFactory.java:54)
	at org.apache.zookeeper.server.util.VerifyingFileFactory.validate(VerifyingFileFactory.java:47)
	at org.apache.zookeeper.server.util.VerifyingFileFactory.create(VerifyingFileFactory.java:39)
	at org.apache.zookeeper.server.quorum.QuorumPeerConfig.parse(QuorumPeerConfig.java:180)
	... 2 more
[2022-05-14 16:01:01,970] INFO ZooKeeper audit is disabled. (org.apache.zookeeper.audit.ZKAuditProvider)
[2022-05-14 16:01:01,972] ERROR Exiting JVM with code 2 (org.apache.zookeeper.util.ServiceUtils)
[2022-05-14 16:01:25,270] INFO Reading configuration from: ../config/zookeeper.properties (org.apache.zookeeper.server.quorum.QuorumPeerConfig)
[2022-05-14 16:01:25,271] WARN ../config/zookeeper.properties is relative. Prepend ./ to indicate that you're sure! (org.apache.zookeeper.server.quorum.QuorumPeerConfig)
[2022-05-14 16:01:25,283] INFO clientPortAddress is 0.0.0.0:2181 (org.apache.zookeeper.server.quorum.QuorumPeerConfig)
[2022-05-14 16:01:25,283] INFO secureClientPort is not set (org.apache.zookeeper.server.quorum.QuorumPeerConfig)
[2022-05-14 16:01:25,283] INFO observerMasterPort is not set (org.apache.zookeeper.server.quorum.QuorumPeerConfig)
[2022-05-14 16:01:25,283] INFO metricsProvider.className is org.apache.zookeeper.metrics.impl.DefaultMetricsProvider (org.apache.zookeeper.server.quorum.QuorumPeerConfig)
[2022-05-14 16:01:25,285] INFO autopurge.snapRetainCount set to 3 (org.apache.zookeeper.server.DatadirCleanupManager)
[2022-05-14 16:01:25,285] INFO autopurge.purgeInterval set to 0 (org.apache.zookeeper.server.DatadirCleanupManager)
[2022-05-14 16:01:25,285] INFO Purge task is not scheduled. (org.apache.zookeeper.server.DatadirCleanupManager)
[2022-05-14 16:01:25,285] WARN Either no config or no quorum defined in config, running in standalone mode (org.apache.zookeeper.server.quorum.QuorumPeerMain)
[2022-05-14 16:01:25,287] INFO Log4j 1.2 jmx support found and enabled. (org.apache.zookeeper.jmx.ManagedUtil)
[2022-05-14 16:01:25,295] INFO Reading configuration from: ../config/zookeeper.properties (org.apache.zookeeper.server.quorum.QuorumPeerConfig)
[2022-05-14 16:01:25,295] WARN ../config/zookeeper.properties is relative. Prepend ./ to indicate that you're sure! (org.apache.zookeeper.server.quorum.QuorumPeerConfig)
[2022-05-14 16:01:25,295] INFO clientPortAddress is 0.0.0.0:2181 (org.apache.zookeeper.server.quorum.QuorumPeerConfig)
[2022-05-14 16:01:25,295] INFO secureClientPort is not set (org.apache.zookeeper.server.quorum.QuorumPeerConfig)
[2022-05-14 16:01:25,295] INFO observerMasterPort is not set (org.apache.zookeeper.server.quorum.QuorumPeerConfig)
[2022-05-14 16:01:25,295] INFO metricsProvider.className is org.apache.zookeeper.metrics.impl.DefaultMetricsProvider (org.apache.zookeeper.server.quorum.QuorumPeerConfig)
[2022-05-14 16:01:25,295] INFO Starting server (org.apache.zookeeper.server.ZooKeeperServerMain)
[2022-05-14 16:01:25,303] INFO ServerMetrics initialized with provider org.apache.zookeeper.metrics.impl.DefaultMetricsProvider@1613674b (org.apache.zookeeper.server.ServerMetrics)
[2022-05-14 16:01:25,305] INFO zookeeper.snapshot.trust.empty : false (org.apache.zookeeper.server.persistence.FileTxnSnapLog)
[2022-05-14 16:01:25,310] INFO  (org.apache.zookeeper.server.ZooKeeperServer)
[2022-05-14 16:01:25,310] INFO   ______                  _                                           (org.apache.zookeeper.server.ZooKeeperServer)
[2022-05-14 16:01:25,310] INFO  |___  /                 | |                                          (org.apache.zookeeper.server.ZooKeeperServer)
[2022-05-14 16:01:25,310] INFO     / /    ___     ___   | | __   ___    ___   _ __     ___   _ __    (org.apache.zookeeper.server.ZooKeeperServer)
[2022-05-14 16:01:25,310] INFO    / /    / _ \   / _ \  | |/ /  / _ \  / _ \ | '_ \   / _ \ | '__| (org.apache.zookeeper.server.ZooKeeperServer)
[2022-05-14 16:01:25,310] INFO   / /__  | (_) | | (_) | |   <  |  __/ |  __/ | |_) | |  __/ | |     (org.apache.zookeeper.server.ZooKeeperServer)
[2022-05-14 16:01:25,310] INFO  /_____|  \___/   \___/  |_|\_\  \___|  \___| | .__/   \___| |_| (org.apache.zookeeper.server.ZooKeeperServer)
[2022-05-14 16:01:25,310] INFO                                               | |                      (org.apache.zookeeper.server.ZooKeeperServer)
[2022-05-14 16:01:25,310] INFO                                               |_|                      (org.apache.zookeeper.server.ZooKeeperServer)
[2022-05-14 16:01:25,311] INFO  (org.apache.zookeeper.server.ZooKeeperServer)
[2022-05-14 16:01:25,321] INFO Server environment:zookeeper.version=3.6.3--6401e4ad2087061bc6b9f80dec2d69f2e3c8660a, built on 04/08/2021 16:35 GMT (org.apache.zookeeper.server.ZooKeeperServer)
[2022-05-14 16:01:25,321] INFO Server environment:host.name=<NA> (org.apache.zookeeper.server.ZooKeeperServer)
[2022-05-14 16:01:25,321] INFO Server environment:java.version=18.0.1 (org.apache.zookeeper.server.ZooKeeperServer)
[2022-05-14 16:01:25,321] INFO Server environment:java.vendor=N/A (org.apache.zookeeper.server.ZooKeeperServer)
[2022-05-14 16:01:25,321] INFO Server environment:java.home=/usr/lib/jvm/java-18-openjdk (org.apache.zookeeper.server.ZooKeeperServer)
[2022-05-14 16:01:25,321] INFO Server environment:java.class.path=/home/bearkiller/dev/SoftwareArchitectures/project2/kafka_2.13-3.1.0/bin/../libs/activation-1.1.1.jar:/home/bearkiller/dev/SoftwareArchitectures/project2/kafka_2.13-3.1.0/bin/../libs/aopalliance-repackaged-2.6.1.jar:/home/bearkiller/dev/SoftwareArchitectures/project2/kafka_2.13-3.1.0/bin/../libs/argparse4j-0.7.0.jar:/home/bearkiller/dev/SoftwareArchitectures/project2/kafka_2.13-3.1.0/bin/../libs/audience-annotations-0.5.0.jar:/home/bearkiller/dev/SoftwareArchitectures/project2/kafka_2.13-3.1.0/bin/../libs/commons-cli-1.4.jar:/home/bearkiller/dev/SoftwareArchitectures/project2/kafka_2.13-3.1.0/bin/../libs/commons-lang3-3.8.1.jar:/home/bearkiller/dev/SoftwareArchitectures/project2/kafka_2.13-3.1.0/bin/../libs/connect-api-3.1.0.jar:/home/bearkiller/dev/SoftwareArchitectures/project2/kafka_2.13-3.1.0/bin/../libs/connect-basic-auth-extension-3.1.0.jar:/home/bearkiller/dev/SoftwareArchitectures/project2/kafka_2.13-3.1.0/bin/../libs/connect-file-3.1.0.jar:/home/bearkiller/dev/SoftwareArchitectures/project2/kafka_2.13-3.1.0/bin/../libs/connect-json-3.1.0.jar:/home/bearkiller/dev/SoftwareArchitectures/project2/kafka_2.13-3.1.0/bin/../libs/connect-mirror-3.1.0.jar:/home/bearkiller/dev/SoftwareArchitectures/project2/kafka_2.13-3.1.0/bin/../libs/connect-mirror-client-3.1.0.jar:/home/bearkiller/dev/SoftwareArchitectures/project2/kafka_2.13-3.1.0/bin/../libs/connect-runtime-3.1.0.jar:/home/bearkiller/dev/SoftwareArchitectures/project2/kafka_2.13-3.1.0/bin/../libs/connect-transforms-3.1.0.jar:/home/bearkiller/dev/SoftwareArchitectures/project2/kafka_2.13-3.1.0/bin/../libs/hk2-api-2.6.1.jar:/home/bearkiller/dev/SoftwareArchitectures/project2/kafka_2.13-3.1.0/bin/../libs/hk2-locator-2.6.1.jar:/home/bearkiller/dev/SoftwareArchitectures/project2/kafka_2.13-3.1.0/bin/../libs/hk2-utils-2.6.1.jar:/home/bearkiller/dev/SoftwareArchitectures/project2/kafka_2.13-3.1.0/bin/../libs/jackson-annotations-2.12.3.jar:/home/bearkiller/dev/SoftwareArchitectures/project2/kafka_2.13-3.1.0/bin/../libs/jackson-core-2.12.3.jar:/home/bearkiller/dev/SoftwareArchitectures/project2/kafka_2.13-3.1.0/bin/../libs/jackson-databind-2.12.3.jar:/home/bearkiller/dev/SoftwareArchitectures/project2/kafka_2.13-3.1.0/bin/../libs/jackson-dataformat-csv-2.12.3.jar:/home/bearkiller/dev/SoftwareArchitectures/project2/kafka_2.13-3.1.0/bin/../libs/jackson-datatype-jdk8-2.12.3.jar:/home/bearkiller/dev/SoftwareArchitectures/project2/kafka_2.13-3.1.0/bin/../libs/jackson-jaxrs-base-2.12.3.jar:/home/bearkiller/dev/SoftwareArchitectures/project2/kafka_2.13-3.1.0/bin/../libs/jackson-jaxrs-json-provider-2.12.3.jar:/home/bearkiller/dev/SoftwareArchitectures/project2/kafka_2.13-3.1.0/bin/../libs/jackson-module-jaxb-annotations-2.12.3.jar:/home/bearkiller/dev/SoftwareArchitectures/project2/kafka_2.13-3.1.0/bin/../libs/jackson-module-scala_2.13-2.12.3.jar:/home/bearkiller/dev/SoftwareArchitectures/project2/kafka_2.13-3.1.0/bin/../libs/jakarta.activation-api-1.2.1.jar:/home/bearkiller/dev/SoftwareArchitectures/project2/kafka_2.13-3.1.0/bin/../libs/jakarta.annotation-api-1.3.5.jar:/home/bearkiller/dev/SoftwareArchitectures/project2/kafka_2.13-3.1.0/bin/../libs/jakarta.inject-2.6.1.jar:/home/bearkiller/dev/SoftwareArchitectures/project2/kafka_2.13-3.1.0/bin/../libs/jakarta.validation-api-2.0.2.jar:/home/bearkiller/dev/SoftwareArchitectures/project2/kafka_2.13-3.1.0/bin/../libs/jakarta.ws.rs-api-2.1.6.jar:/home/bearkiller/dev/SoftwareArchitectures/project2/kafka_2.13-3.1.0/bin/../libs/jakarta.xml.bind-api-2.3.2.jar:/home/bearkiller/dev/SoftwareArchitectures/project2/kafka_2.13-3.1.0/bin/../libs/javassist-3.27.0-GA.jar:/home/bearkiller/dev/SoftwareArchitectures/project2/kafka_2.13-3.1.0/bin/../libs/javax.servlet-api-3.1.0.jar:/home/bearkiller/dev/SoftwareArchitectures/project2/kafka_2.13-3.1.0/bin/../libs/javax.ws.rs-api-2.1.1.jar:/home/bearkiller/dev/SoftwareArchitectures/project2/kafka_2.13-3.1.0/bin/../libs/jaxb-api-2.3.0.jar:/home/bearkiller/dev/SoftwareArchitectures/project2/kafka_2.13-3.1.0/bin/../libs/jersey-client-2.34.jar:/home/bearkiller/dev/SoftwareArchitectures/project2/kafka_2.13-3.1.0/bin/../libs/jersey-common-2.34.jar:/home/bearkiller/dev/SoftwareArchitectures/project2/kafka_2.13-3.1.0/bin/../libs/jersey-container-servlet-2.34.jar:/home/bearkiller/dev/SoftwareArchitectures/project2/kafka_2.13-3.1.0/bin/../libs/jersey-container-servlet-core-2.34.jar:/home/bearkiller/dev/SoftwareArchitectures/project2/kafka_2.13-3.1.0/bin/../libs/jersey-hk2-2.34.jar:/home/bearkiller/dev/SoftwareArchitectures/project2/kafka_2.13-3.1.0/bin/../libs/jersey-server-2.34.jar:/home/bearkiller/dev/SoftwareArchitectures/project2/kafka_2.13-3.1.0/bin/../libs/jetty-client-9.4.43.v20210629.jar:/home/bearkiller/dev/SoftwareArchitectures/project2/kafka_2.13-3.1.0/bin/../libs/jetty-continuation-9.4.43.v20210629.jar:/home/bearkiller/dev/SoftwareArchitectures/project2/kafka_2.13-3.1.0/bin/../libs/jetty-http-9.4.43.v20210629.jar:/home/bearkiller/dev/SoftwareArchitectures/project2/kafka_2.13-3.1.0/bin/../libs/jetty-io-9.4.43.v20210629.jar:/home/bearkiller/dev/SoftwareArchitectures/project2/kafka_2.13-3.1.0/bin/../libs/jetty-security-9.4.43.v20210629.jar:/home/bearkiller/dev/SoftwareArchitectures/project2/kafka_2.13-3.1.0/bin/../libs/jetty-server-9.4.43.v20210629.jar:/home/bearkiller/dev/SoftwareArchitectures/project2/kafka_2.13-3.1.0/bin/../libs/jetty-servlet-9.4.43.v20210629.jar:/home/bearkiller/dev/SoftwareArchitectures/project2/kafka_2.13-3.1.0/bin/../libs/jetty-servlets-9.4.43.v20210629.jar:/home/bearkiller/dev/SoftwareArchitectures/project2/kafka_2.13-3.1.0/bin/../libs/jetty-util-9.4.43.v20210629.jar:/home/bearkiller/dev/SoftwareArchitectures/project2/kafka_2.13-3.1.0/bin/../libs/jetty-util-ajax-9.4.43.v20210629.jar:/home/bearkiller/dev/SoftwareArchitectures/project2/kafka_2.13-3.1.0/bin/../libs/jline-3.12.1.jar:/home/bearkiller/dev/SoftwareArchitectures/project2/kafka_2.13-3.1.0/bin/../libs/jopt-simple-5.0.4.jar:/home/bearkiller/dev/SoftwareArchitectures/project2/kafka_2.13-3.1.0/bin/../libs/jose4j-0.7.8.jar:/home/bearkiller/dev/SoftwareArchitectures/project2/kafka_2.13-3.1.0/bin/../libs/kafka_2.13-3.1.0.jar:/home/bearkiller/dev/SoftwareArchitectures/project2/kafka_2.13-3.1.0/bin/../libs/kafka-clients-3.1.0.jar:/home/bearkiller/dev/SoftwareArchitectures/project2/kafka_2.13-3.1.0/bin/../libs/kafka-log4j-appender-3.1.0.jar:/home/bearkiller/dev/SoftwareArchitectures/project2/kafka_2.13-3.1.0/bin/../libs/kafka-metadata-3.1.0.jar:/home/bearkiller/dev/SoftwareArchitectures/project2/kafka_2.13-3.1.0/bin/../libs/kafka-raft-3.1.0.jar:/home/bearkiller/dev/SoftwareArchitectures/project2/kafka_2.13-3.1.0/bin/../libs/kafka-server-common-3.1.0.jar:/home/bearkiller/dev/SoftwareArchitectures/project2/kafka_2.13-3.1.0/bin/../libs/kafka-shell-3.1.0.jar:/home/bearkiller/dev/SoftwareArchitectures/project2/kafka_2.13-3.1.0/bin/../libs/kafka-storage-3.1.0.jar:/home/bearkiller/dev/SoftwareArchitectures/project2/kafka_2.13-3.1.0/bin/../libs/kafka-storage-api-3.1.0.jar:/home/bearkiller/dev/SoftwareArchitectures/project2/kafka_2.13-3.1.0/bin/../libs/kafka-streams-3.1.0.jar:/home/bearkiller/dev/SoftwareArchitectures/project2/kafka_2.13-3.1.0/bin/../libs/kafka-streams-examples-3.1.0.jar:/home/bearkiller/dev/SoftwareArchitectures/project2/kafka_2.13-3.1.0/bin/../libs/kafka-streams-scala_2.13-3.1.0.jar:/home/bearkiller/dev/SoftwareArchitectures/project2/kafka_2.13-3.1.0/bin/../libs/kafka-streams-test-utils-3.1.0.jar:/home/bearkiller/dev/SoftwareArchitectures/project2/kafka_2.13-3.1.0/bin/../libs/kafka-tools-3.1.0.jar:/home/bearkiller/dev/SoftwareArchitectures/project2/kafka_2.13-3.1.0/bin/../libs/log4j-1.2.17.jar:/home/bearkiller/dev/SoftwareArchitectures/project2/kafka_2.13-3.1.0/bin/../libs/lz4-java-1.8.0.jar:/home/bearkiller/dev/SoftwareArchitectures/project2/kafka_2.13-3.1.0/bin/../libs/maven-artifact-3.8.1.jar:/home/bearkiller/dev/SoftwareArchitectures/project2/kafka_2.13-3.1.0/bin/../libs/metrics-core-2.2.0.jar:/home/bearkiller/dev/SoftwareArchitectures/project2/kafka_2.13-3.1.0/bin/../libs/metrics-core-4.1.12.1.jar:/home/bearkiller/dev/SoftwareArchitectures/project2/kafka_2.13-3.1.0/bin/../libs/netty-buffer-4.1.68.Final.jar:/home/bearkiller/dev/SoftwareArchitectures/project2/kafka_2.13-3.1.0/bin/../libs/netty-codec-4.1.68.Final.jar:/home/bearkiller/dev/SoftwareArchitectures/project2/kafka_2.13-3.1.0/bin/../libs/netty-common-4.1.68.Final.jar:/home/bearkiller/dev/SoftwareArchitectures/project2/kafka_2.13-3.1.0/bin/../libs/netty-handler-4.1.68.Final.jar:/home/bearkiller/dev/SoftwareArchitectures/project2/kafka_2.13-3.1.0/bin/../libs/netty-resolver-4.1.68.Final.jar:/home/bearkiller/dev/SoftwareArchitectures/project2/kafka_2.13-3.1.0/bin/../libs/netty-transport-4.1.68.Final.jar:/home/bearkiller/dev/SoftwareArchitectures/project2/kafka_2.13-3.1.0/bin/../libs/netty-transport-native-epoll-4.1.68.Final.jar:/home/bearkiller/dev/SoftwareArchitectures/project2/kafka_2.13-3.1.0/bin/../libs/netty-transport-native-unix-common-4.1.68.Final.jar:/home/bearkiller/dev/SoftwareArchitectures/project2/kafka_2.13-3.1.0/bin/../libs/osgi-resource-locator-1.0.3.jar:/home/bearkiller/dev/SoftwareArchitectures/project2/kafka_2.13-3.1.0/bin/../libs/paranamer-2.8.jar:/home/bearkiller/dev/SoftwareArchitectures/project2/kafka_2.13-3.1.0/bin/../libs/plexus-utils-3.2.1.jar:/home/bearkiller/dev/SoftwareArchitectures/project2/kafka_2.13-3.1.0/bin/../libs/reflections-0.9.12.jar:/home/bearkiller/dev/SoftwareArchitectures/project2/kafka_2.13-3.1.0/bin/../libs/rocksdbjni-6.22.1.1.jar:/home/bearkiller/dev/SoftwareArchitectures/project2/kafka_2.13-3.1.0/bin/../libs/scala-collection-compat_2.13-2.4.4.jar:/home/bearkiller/dev/SoftwareArchitectures/project2/kafka_2.13-3.1.0/bin/../libs/scala-java8-compat_2.13-1.0.0.jar:/home/bearkiller/dev/SoftwareArchitectures/project2/kafka_2.13-3.1.0/bin/../libs/scala-library-2.13.6.jar:/home/bearkiller/dev/SoftwareArchitectures/project2/kafka_2.13-3.1.0/bin/../libs/scala-logging_2.13-3.9.3.jar:/home/bearkiller/dev/SoftwareArchitectures/project2/kafka_2.13-3.1.0/bin/../libs/scala-reflect-2.13.6.jar:/home/bearkiller/dev/SoftwareArchitectures/project2/kafka_2.13-3.1.0/bin/../libs/slf4j-api-1.7.30.jar:/home/bearkiller/dev/SoftwareArchitectures/project2/kafka_2.13-3.1.0/bin/../libs/slf4j-log4j12-1.7.30.jar:/home/bearkiller/dev/SoftwareArchitectures/project2/kafka_2.13-3.1.0/bin/../libs/snappy-java-1.1.8.4.jar:/home/bearkiller/dev/SoftwareArchitectures/project2/kafka_2.13-3.1.0/bin/../libs/trogdor-3.1.0.jar:/home/bearkiller/dev/SoftwareArchitectures/project2/kafka_2.13-3.1.0/bin/../libs/zookeeper-3.6.3.jar:/home/bearkiller/dev/SoftwareArchitectures/project2/kafka_2.13-3.1.0/bin/../libs/zookeeper-jute-3.6.3.jar:/home/bearkiller/dev/SoftwareArchitectures/project2/kafka_2.13-3.1.0/bin/../libs/zstd-jni-1.5.0-4.jar (org.apache.zookeeper.server.ZooKeeperServer)
[2022-05-14 16:01:25,322] INFO Server environment:java.library.path=/usr/java/packages/lib:/usr/lib64:/lib64:/lib:/usr/lib (org.apache.zookeeper.server.ZooKeeperServer)
[2022-05-14 16:01:25,322] INFO Server environment:java.io.tmpdir=/tmp (org.apache.zookeeper.server.ZooKeeperServer)
[2022-05-14 16:01:25,322] INFO Server environment:java.compiler=<NA> (org.apache.zookeeper.server.ZooKeeperServer)
[2022-05-14 16:01:25,322] INFO Server environment:os.name=Linux (org.apache.zookeeper.server.ZooKeeperServer)
[2022-05-14 16:01:25,322] INFO Server environment:os.arch=amd64 (org.apache.zookeeper.server.ZooKeeperServer)
[2022-05-14 16:01:25,322] INFO Server environment:os.version=5.17.4-arch1-1 (org.apache.zookeeper.server.ZooKeeperServer)
[2022-05-14 16:01:25,322] INFO Server environment:user.name=root (org.apache.zookeeper.server.ZooKeeperServer)
[2022-05-14 16:01:25,322] INFO Server environment:user.home=/root (org.apache.zookeeper.server.ZooKeeperServer)
[2022-05-14 16:01:25,322] INFO Server environment:user.dir=/home/bearkiller/dev/SoftwareArchitectures/project2/kafka_2.13-3.1.0/bin (org.apache.zookeeper.server.ZooKeeperServer)
[2022-05-14 16:01:25,323] INFO Server environment:os.memory.free=495MB (org.apache.zookeeper.server.ZooKeeperServer)
[2022-05-14 16:01:25,323] INFO Server environment:os.memory.max=512MB (org.apache.zookeeper.server.ZooKeeperServer)
[2022-05-14 16:01:25,323] INFO Server environment:os.memory.total=512MB (org.apache.zookeeper.server.ZooKeeperServer)
[2022-05-14 16:01:25,323] INFO zookeeper.enableEagerACLCheck = false (org.apache.zookeeper.server.ZooKeeperServer)
[2022-05-14 16:01:25,323] INFO zookeeper.digest.enabled = true (org.apache.zookeeper.server.ZooKeeperServer)
[2022-05-14 16:01:25,323] INFO zookeeper.closeSessionTxn.enabled = true (org.apache.zookeeper.server.ZooKeeperServer)
[2022-05-14 16:01:25,323] INFO zookeeper.flushDelay=0 (org.apache.zookeeper.server.ZooKeeperServer)
[2022-05-14 16:01:25,323] INFO zookeeper.maxWriteQueuePollTime=0 (org.apache.zookeeper.server.ZooKeeperServer)
[2022-05-14 16:01:25,323] INFO zookeeper.maxBatchSize=1000 (org.apache.zookeeper.server.ZooKeeperServer)
[2022-05-14 16:01:25,323] INFO zookeeper.intBufferStartingSizeBytes = 1024 (org.apache.zookeeper.server.ZooKeeperServer)
[2022-05-14 16:01:25,324] INFO Weighed connection throttling is disabled (org.apache.zookeeper.server.BlueThrottle)
[2022-05-14 16:01:25,324] INFO minSessionTimeout set to 6000 (org.apache.zookeeper.server.ZooKeeperServer)
[2022-05-14 16:01:25,324] INFO maxSessionTimeout set to 60000 (org.apache.zookeeper.server.ZooKeeperServer)
[2022-05-14 16:01:25,325] INFO Response cache size is initialized with value 400. (org.apache.zookeeper.server.ResponseCache)
[2022-05-14 16:01:25,325] INFO Response cache size is initialized with value 400. (org.apache.zookeeper.server.ResponseCache)
[2022-05-14 16:01:25,326] INFO zookeeper.pathStats.slotCapacity = 60 (org.apache.zookeeper.server.util.RequestPathMetricsCollector)
[2022-05-14 16:01:25,326] INFO zookeeper.pathStats.slotDuration = 15 (org.apache.zookeeper.server.util.RequestPathMetricsCollector)
[2022-05-14 16:01:25,326] INFO zookeeper.pathStats.maxDepth = 6 (org.apache.zookeeper.server.util.RequestPathMetricsCollector)
[2022-05-14 16:01:25,326] INFO zookeeper.pathStats.initialDelay = 5 (org.apache.zookeeper.server.util.RequestPathMetricsCollector)
[2022-05-14 16:01:25,326] INFO zookeeper.pathStats.delay = 5 (org.apache.zookeeper.server.util.RequestPathMetricsCollector)
[2022-05-14 16:01:25,326] INFO zookeeper.pathStats.enabled = false (org.apache.zookeeper.server.util.RequestPathMetricsCollector)
[2022-05-14 16:01:25,328] INFO The max bytes for all large requests are set to 104857600 (org.apache.zookeeper.server.ZooKeeperServer)
[2022-05-14 16:01:25,328] INFO The large request threshold is set to -1 (org.apache.zookeeper.server.ZooKeeperServer)
[2022-05-14 16:01:25,328] INFO Created server with tickTime 3000 minSessionTimeout 6000 maxSessionTimeout 60000 clientPortListenBacklog -1 datadir /tmp/zookeeper/version-2 snapdir /tmp/zookeeper/version-2 (org.apache.zookeeper.server.ZooKeeperServer)
[2022-05-14 16:01:25,333] INFO Using org.apache.zookeeper.server.NIOServerCnxnFactory as server connection factory (org.apache.zookeeper.server.ServerCnxnFactory)
[2022-05-14 16:01:25,333] WARN maxCnxns is not configured, using default value 0. (org.apache.zookeeper.server.ServerCnxnFactory)
[2022-05-14 16:01:25,334] INFO Configuring NIO connection handler with 10s sessionless connection timeout, 2 selector thread(s), 24 worker threads, and 64 kB direct buffers. (org.apache.zookeeper.server.NIOServerCnxnFactory)
[2022-05-14 16:01:25,337] INFO binding to port 0.0.0.0/0.0.0.0:2181 (org.apache.zookeeper.server.NIOServerCnxnFactory)
[2022-05-14 16:01:25,345] INFO Using org.apache.zookeeper.server.watch.WatchManager as watch manager (org.apache.zookeeper.server.watch.WatchManagerFactory)
[2022-05-14 16:01:25,346] INFO Using org.apache.zookeeper.server.watch.WatchManager as watch manager (org.apache.zookeeper.server.watch.WatchManagerFactory)
[2022-05-14 16:01:25,346] INFO zookeeper.snapshotSizeFactor = 0.33 (org.apache.zookeeper.server.ZKDatabase)
[2022-05-14 16:01:25,346] INFO zookeeper.commitLogCount=500 (org.apache.zookeeper.server.ZKDatabase)
[2022-05-14 16:01:25,350] INFO zookeeper.snapshot.compression.method = CHECKED (org.apache.zookeeper.server.persistence.SnapStream)
[2022-05-14 16:01:25,350] INFO Snapshotting: 0x0 to /tmp/zookeeper/version-2/snapshot.0 (org.apache.zookeeper.server.persistence.FileTxnSnapLog)
[2022-05-14 16:01:25,352] INFO Snapshot loaded in 7 ms, highest zxid is 0x0, digest is 1371985504 (org.apache.zookeeper.server.ZKDatabase)
[2022-05-14 16:01:25,353] INFO Snapshotting: 0x0 to /tmp/zookeeper/version-2/snapshot.0 (org.apache.zookeeper.server.persistence.FileTxnSnapLog)
[2022-05-14 16:01:25,353] INFO Snapshot taken in 0 ms (org.apache.zookeeper.server.ZooKeeperServer)
[2022-05-14 16:01:25,358] INFO PrepRequestProcessor (sid:0) started, reconfigEnabled=false (org.apache.zookeeper.server.PrepRequestProcessor)
[2022-05-14 16:01:25,358] INFO zookeeper.request_throttler.shutdownTimeout = 10000 (org.apache.zookeeper.server.RequestThrottler)
[2022-05-14 16:01:25,368] INFO Using checkIntervalMs=60000 maxPerMinute=10000 maxNeverUsedIntervalMs=0 (org.apache.zookeeper.server.ContainerManager)
[2022-05-14 16:01:25,369] INFO ZooKeeper audit is disabled. (org.apache.zookeeper.audit.ZKAuditProvider)
[2022-05-14 16:01:45,648] INFO Reading configuration from: ../config/zookeeper.properties (org.apache.zookeeper.server.quorum.QuorumPeerConfig)
[2022-05-14 16:01:45,649] WARN ../config/zookeeper.properties is relative. Prepend ./ to indicate that you're sure! (org.apache.zookeeper.server.quorum.QuorumPeerConfig)
[2022-05-14 16:01:45,650] INFO clientPortAddress is 0.0.0.0:2181 (org.apache.zookeeper.server.quorum.QuorumPeerConfig)
[2022-05-14 16:01:45,650] INFO secureClientPort is not set (org.apache.zookeeper.server.quorum.QuorumPeerConfig)
[2022-05-14 16:01:45,650] INFO observerMasterPort is not set (org.apache.zookeeper.server.quorum.QuorumPeerConfig)
[2022-05-14 16:01:45,650] INFO metricsProvider.className is org.apache.zookeeper.metrics.impl.DefaultMetricsProvider (org.apache.zookeeper.server.quorum.QuorumPeerConfig)
[2022-05-14 16:01:45,651] INFO autopurge.snapRetainCount set to 3 (org.apache.zookeeper.server.DatadirCleanupManager)
[2022-05-14 16:01:45,651] INFO autopurge.purgeInterval set to 0 (org.apache.zookeeper.server.DatadirCleanupManager)
[2022-05-14 16:01:45,651] INFO Purge task is not scheduled. (org.apache.zookeeper.server.DatadirCleanupManager)
[2022-05-14 16:01:45,651] WARN Either no config or no quorum defined in config, running in standalone mode (org.apache.zookeeper.server.quorum.QuorumPeerMain)
[2022-05-14 16:01:45,653] INFO Log4j 1.2 jmx support found and enabled. (org.apache.zookeeper.jmx.ManagedUtil)
[2022-05-14 16:01:45,661] INFO Reading configuration from: ../config/zookeeper.properties (org.apache.zookeeper.server.quorum.QuorumPeerConfig)
[2022-05-14 16:01:45,661] WARN ../config/zookeeper.properties is relative. Prepend ./ to indicate that you're sure! (org.apache.zookeeper.server.quorum.QuorumPeerConfig)
[2022-05-14 16:01:45,662] INFO clientPortAddress is 0.0.0.0:2181 (org.apache.zookeeper.server.quorum.QuorumPeerConfig)
[2022-05-14 16:01:45,662] INFO secureClientPort is not set (org.apache.zookeeper.server.quorum.QuorumPeerConfig)
[2022-05-14 16:01:45,662] INFO observerMasterPort is not set (org.apache.zookeeper.server.quorum.QuorumPeerConfig)
[2022-05-14 16:01:45,662] INFO metricsProvider.className is org.apache.zookeeper.metrics.impl.DefaultMetricsProvider (org.apache.zookeeper.server.quorum.QuorumPeerConfig)
[2022-05-14 16:01:45,662] INFO Starting server (org.apache.zookeeper.server.ZooKeeperServerMain)
[2022-05-14 16:01:45,670] INFO ServerMetrics initialized with provider org.apache.zookeeper.metrics.impl.DefaultMetricsProvider@5ace1ed4 (org.apache.zookeeper.server.ServerMetrics)
[2022-05-14 16:01:45,672] INFO zookeeper.snapshot.trust.empty : false (org.apache.zookeeper.server.persistence.FileTxnSnapLog)
[2022-05-14 16:01:45,677] INFO  (org.apache.zookeeper.server.ZooKeeperServer)
[2022-05-14 16:01:45,677] INFO   ______                  _                                           (org.apache.zookeeper.server.ZooKeeperServer)
[2022-05-14 16:01:45,677] INFO  |___  /                 | |                                          (org.apache.zookeeper.server.ZooKeeperServer)
[2022-05-14 16:01:45,677] INFO     / /    ___     ___   | | __   ___    ___   _ __     ___   _ __    (org.apache.zookeeper.server.ZooKeeperServer)
[2022-05-14 16:01:45,677] INFO    / /    / _ \   / _ \  | |/ /  / _ \  / _ \ | '_ \   / _ \ | '__| (org.apache.zookeeper.server.ZooKeeperServer)
[2022-05-14 16:01:45,677] INFO   / /__  | (_) | | (_) | |   <  |  __/ |  __/ | |_) | |  __/ | |     (org.apache.zookeeper.server.ZooKeeperServer)
[2022-05-14 16:01:45,677] INFO  /_____|  \___/   \___/  |_|\_\  \___|  \___| | .__/   \___| |_| (org.apache.zookeeper.server.ZooKeeperServer)
[2022-05-14 16:01:45,677] INFO                                               | |                      (org.apache.zookeeper.server.ZooKeeperServer)
[2022-05-14 16:01:45,677] INFO                                               |_|                      (org.apache.zookeeper.server.ZooKeeperServer)
[2022-05-14 16:01:45,677] INFO  (org.apache.zookeeper.server.ZooKeeperServer)
[2022-05-14 16:01:45,684] INFO Server environment:zookeeper.version=3.6.3--6401e4ad2087061bc6b9f80dec2d69f2e3c8660a, built on 04/08/2021 16:35 GMT (org.apache.zookeeper.server.ZooKeeperServer)
[2022-05-14 16:01:45,684] INFO Server environment:host.name=<NA> (org.apache.zookeeper.server.ZooKeeperServer)
[2022-05-14 16:01:45,685] INFO Server environment:java.version=18.0.1 (org.apache.zookeeper.server.ZooKeeperServer)
[2022-05-14 16:01:45,685] INFO Server environment:java.vendor=N/A (org.apache.zookeeper.server.ZooKeeperServer)
[2022-05-14 16:01:45,685] INFO Server environment:java.home=/usr/lib/jvm/java-18-openjdk (org.apache.zookeeper.server.ZooKeeperServer)
[2022-05-14 16:01:45,685] INFO Server environment:java.class.path=/home/bearkiller/dev/SoftwareArchitectures/project2/kafka_2.13-3.1.0/bin/../libs/activation-1.1.1.jar:/home/bearkiller/dev/SoftwareArchitectures/project2/kafka_2.13-3.1.0/bin/../libs/aopalliance-repackaged-2.6.1.jar:/home/bearkiller/dev/SoftwareArchitectures/project2/kafka_2.13-3.1.0/bin/../libs/argparse4j-0.7.0.jar:/home/bearkiller/dev/SoftwareArchitectures/project2/kafka_2.13-3.1.0/bin/../libs/audience-annotations-0.5.0.jar:/home/bearkiller/dev/SoftwareArchitectures/project2/kafka_2.13-3.1.0/bin/../libs/commons-cli-1.4.jar:/home/bearkiller/dev/SoftwareArchitectures/project2/kafka_2.13-3.1.0/bin/../libs/commons-lang3-3.8.1.jar:/home/bearkiller/dev/SoftwareArchitectures/project2/kafka_2.13-3.1.0/bin/../libs/connect-api-3.1.0.jar:/home/bearkiller/dev/SoftwareArchitectures/project2/kafka_2.13-3.1.0/bin/../libs/connect-basic-auth-extension-3.1.0.jar:/home/bearkiller/dev/SoftwareArchitectures/project2/kafka_2.13-3.1.0/bin/../libs/connect-file-3.1.0.jar:/home/bearkiller/dev/SoftwareArchitectures/project2/kafka_2.13-3.1.0/bin/../libs/connect-json-3.1.0.jar:/home/bearkiller/dev/SoftwareArchitectures/project2/kafka_2.13-3.1.0/bin/../libs/connect-mirror-3.1.0.jar:/home/bearkiller/dev/SoftwareArchitectures/project2/kafka_2.13-3.1.0/bin/../libs/connect-mirror-client-3.1.0.jar:/home/bearkiller/dev/SoftwareArchitectures/project2/kafka_2.13-3.1.0/bin/../libs/connect-runtime-3.1.0.jar:/home/bearkiller/dev/SoftwareArchitectures/project2/kafka_2.13-3.1.0/bin/../libs/connect-transforms-3.1.0.jar:/home/bearkiller/dev/SoftwareArchitectures/project2/kafka_2.13-3.1.0/bin/../libs/hk2-api-2.6.1.jar:/home/bearkiller/dev/SoftwareArchitectures/project2/kafka_2.13-3.1.0/bin/../libs/hk2-locator-2.6.1.jar:/home/bearkiller/dev/SoftwareArchitectures/project2/kafka_2.13-3.1.0/bin/../libs/hk2-utils-2.6.1.jar:/home/bearkiller/dev/SoftwareArchitectures/project2/kafka_2.13-3.1.0/bin/../libs/jackson-annotations-2.12.3.jar:/home/bearkiller/dev/SoftwareArchitectures/project2/kafka_2.13-3.1.0/bin/../libs/jackson-core-2.12.3.jar:/home/bearkiller/dev/SoftwareArchitectures/project2/kafka_2.13-3.1.0/bin/../libs/jackson-databind-2.12.3.jar:/home/bearkiller/dev/SoftwareArchitectures/project2/kafka_2.13-3.1.0/bin/../libs/jackson-dataformat-csv-2.12.3.jar:/home/bearkiller/dev/SoftwareArchitectures/project2/kafka_2.13-3.1.0/bin/../libs/jackson-datatype-jdk8-2.12.3.jar:/home/bearkiller/dev/SoftwareArchitectures/project2/kafka_2.13-3.1.0/bin/../libs/jackson-jaxrs-base-2.12.3.jar:/home/bearkiller/dev/SoftwareArchitectures/project2/kafka_2.13-3.1.0/bin/../libs/jackson-jaxrs-json-provider-2.12.3.jar:/home/bearkiller/dev/SoftwareArchitectures/project2/kafka_2.13-3.1.0/bin/../libs/jackson-module-jaxb-annotations-2.12.3.jar:/home/bearkiller/dev/SoftwareArchitectures/project2/kafka_2.13-3.1.0/bin/../libs/jackson-module-scala_2.13-2.12.3.jar:/home/bearkiller/dev/SoftwareArchitectures/project2/kafka_2.13-3.1.0/bin/../libs/jakarta.activation-api-1.2.1.jar:/home/bearkiller/dev/SoftwareArchitectures/project2/kafka_2.13-3.1.0/bin/../libs/jakarta.annotation-api-1.3.5.jar:/home/bearkiller/dev/SoftwareArchitectures/project2/kafka_2.13-3.1.0/bin/../libs/jakarta.inject-2.6.1.jar:/home/bearkiller/dev/SoftwareArchitectures/project2/kafka_2.13-3.1.0/bin/../libs/jakarta.validation-api-2.0.2.jar:/home/bearkiller/dev/SoftwareArchitectures/project2/kafka_2.13-3.1.0/bin/../libs/jakarta.ws.rs-api-2.1.6.jar:/home/bearkiller/dev/SoftwareArchitectures/project2/kafka_2.13-3.1.0/bin/../libs/jakarta.xml.bind-api-2.3.2.jar:/home/bearkiller/dev/SoftwareArchitectures/project2/kafka_2.13-3.1.0/bin/../libs/javassist-3.27.0-GA.jar:/home/bearkiller/dev/SoftwareArchitectures/project2/kafka_2.13-3.1.0/bin/../libs/javax.servlet-api-3.1.0.jar:/home/bearkiller/dev/SoftwareArchitectures/project2/kafka_2.13-3.1.0/bin/../libs/javax.ws.rs-api-2.1.1.jar:/home/bearkiller/dev/SoftwareArchitectures/project2/kafka_2.13-3.1.0/bin/../libs/jaxb-api-2.3.0.jar:/home/bearkiller/dev/SoftwareArchitectures/project2/kafka_2.13-3.1.0/bin/../libs/jersey-client-2.34.jar:/home/bearkiller/dev/SoftwareArchitectures/project2/kafka_2.13-3.1.0/bin/../libs/jersey-common-2.34.jar:/home/bearkiller/dev/SoftwareArchitectures/project2/kafka_2.13-3.1.0/bin/../libs/jersey-container-servlet-2.34.jar:/home/bearkiller/dev/SoftwareArchitectures/project2/kafka_2.13-3.1.0/bin/../libs/jersey-container-servlet-core-2.34.jar:/home/bearkiller/dev/SoftwareArchitectures/project2/kafka_2.13-3.1.0/bin/../libs/jersey-hk2-2.34.jar:/home/bearkiller/dev/SoftwareArchitectures/project2/kafka_2.13-3.1.0/bin/../libs/jersey-server-2.34.jar:/home/bearkiller/dev/SoftwareArchitectures/project2/kafka_2.13-3.1.0/bin/../libs/jetty-client-9.4.43.v20210629.jar:/home/bearkiller/dev/SoftwareArchitectures/project2/kafka_2.13-3.1.0/bin/../libs/jetty-continuation-9.4.43.v20210629.jar:/home/bearkiller/dev/SoftwareArchitectures/project2/kafka_2.13-3.1.0/bin/../libs/jetty-http-9.4.43.v20210629.jar:/home/bearkiller/dev/SoftwareArchitectures/project2/kafka_2.13-3.1.0/bin/../libs/jetty-io-9.4.43.v20210629.jar:/home/bearkiller/dev/SoftwareArchitectures/project2/kafka_2.13-3.1.0/bin/../libs/jetty-security-9.4.43.v20210629.jar:/home/bearkiller/dev/SoftwareArchitectures/project2/kafka_2.13-3.1.0/bin/../libs/jetty-server-9.4.43.v20210629.jar:/home/bearkiller/dev/SoftwareArchitectures/project2/kafka_2.13-3.1.0/bin/../libs/jetty-servlet-9.4.43.v20210629.jar:/home/bearkiller/dev/SoftwareArchitectures/project2/kafka_2.13-3.1.0/bin/../libs/jetty-servlets-9.4.43.v20210629.jar:/home/bearkiller/dev/SoftwareArchitectures/project2/kafka_2.13-3.1.0/bin/../libs/jetty-util-9.4.43.v20210629.jar:/home/bearkiller/dev/SoftwareArchitectures/project2/kafka_2.13-3.1.0/bin/../libs/jetty-util-ajax-9.4.43.v20210629.jar:/home/bearkiller/dev/SoftwareArchitectures/project2/kafka_2.13-3.1.0/bin/../libs/jline-3.12.1.jar:/home/bearkiller/dev/SoftwareArchitectures/project2/kafka_2.13-3.1.0/bin/../libs/jopt-simple-5.0.4.jar:/home/bearkiller/dev/SoftwareArchitectures/project2/kafka_2.13-3.1.0/bin/../libs/jose4j-0.7.8.jar:/home/bearkiller/dev/SoftwareArchitectures/project2/kafka_2.13-3.1.0/bin/../libs/kafka_2.13-3.1.0.jar:/home/bearkiller/dev/SoftwareArchitectures/project2/kafka_2.13-3.1.0/bin/../libs/kafka-clients-3.1.0.jar:/home/bearkiller/dev/SoftwareArchitectures/project2/kafka_2.13-3.1.0/bin/../libs/kafka-log4j-appender-3.1.0.jar:/home/bearkiller/dev/SoftwareArchitectures/project2/kafka_2.13-3.1.0/bin/../libs/kafka-metadata-3.1.0.jar:/home/bearkiller/dev/SoftwareArchitectures/project2/kafka_2.13-3.1.0/bin/../libs/kafka-raft-3.1.0.jar:/home/bearkiller/dev/SoftwareArchitectures/project2/kafka_2.13-3.1.0/bin/../libs/kafka-server-common-3.1.0.jar:/home/bearkiller/dev/SoftwareArchitectures/project2/kafka_2.13-3.1.0/bin/../libs/kafka-shell-3.1.0.jar:/home/bearkiller/dev/SoftwareArchitectures/project2/kafka_2.13-3.1.0/bin/../libs/kafka-storage-3.1.0.jar:/home/bearkiller/dev/SoftwareArchitectures/project2/kafka_2.13-3.1.0/bin/../libs/kafka-storage-api-3.1.0.jar:/home/bearkiller/dev/SoftwareArchitectures/project2/kafka_2.13-3.1.0/bin/../libs/kafka-streams-3.1.0.jar:/home/bearkiller/dev/SoftwareArchitectures/project2/kafka_2.13-3.1.0/bin/../libs/kafka-streams-examples-3.1.0.jar:/home/bearkiller/dev/SoftwareArchitectures/project2/kafka_2.13-3.1.0/bin/../libs/kafka-streams-scala_2.13-3.1.0.jar:/home/bearkiller/dev/SoftwareArchitectures/project2/kafka_2.13-3.1.0/bin/../libs/kafka-streams-test-utils-3.1.0.jar:/home/bearkiller/dev/SoftwareArchitectures/project2/kafka_2.13-3.1.0/bin/../libs/kafka-tools-3.1.0.jar:/home/bearkiller/dev/SoftwareArchitectures/project2/kafka_2.13-3.1.0/bin/../libs/log4j-1.2.17.jar:/home/bearkiller/dev/SoftwareArchitectures/project2/kafka_2.13-3.1.0/bin/../libs/lz4-java-1.8.0.jar:/home/bearkiller/dev/SoftwareArchitectures/project2/kafka_2.13-3.1.0/bin/../libs/maven-artifact-3.8.1.jar:/home/bearkiller/dev/SoftwareArchitectures/project2/kafka_2.13-3.1.0/bin/../libs/metrics-core-2.2.0.jar:/home/bearkiller/dev/SoftwareArchitectures/project2/kafka_2.13-3.1.0/bin/../libs/metrics-core-4.1.12.1.jar:/home/bearkiller/dev/SoftwareArchitectures/project2/kafka_2.13-3.1.0/bin/../libs/netty-buffer-4.1.68.Final.jar:/home/bearkiller/dev/SoftwareArchitectures/project2/kafka_2.13-3.1.0/bin/../libs/netty-codec-4.1.68.Final.jar:/home/bearkiller/dev/SoftwareArchitectures/project2/kafka_2.13-3.1.0/bin/../libs/netty-common-4.1.68.Final.jar:/home/bearkiller/dev/SoftwareArchitectures/project2/kafka_2.13-3.1.0/bin/../libs/netty-handler-4.1.68.Final.jar:/home/bearkiller/dev/SoftwareArchitectures/project2/kafka_2.13-3.1.0/bin/../libs/netty-resolver-4.1.68.Final.jar:/home/bearkiller/dev/SoftwareArchitectures/project2/kafka_2.13-3.1.0/bin/../libs/netty-transport-4.1.68.Final.jar:/home/bearkiller/dev/SoftwareArchitectures/project2/kafka_2.13-3.1.0/bin/../libs/netty-transport-native-epoll-4.1.68.Final.jar:/home/bearkiller/dev/SoftwareArchitectures/project2/kafka_2.13-3.1.0/bin/../libs/netty-transport-native-unix-common-4.1.68.Final.jar:/home/bearkiller/dev/SoftwareArchitectures/project2/kafka_2.13-3.1.0/bin/../libs/osgi-resource-locator-1.0.3.jar:/home/bearkiller/dev/SoftwareArchitectures/project2/kafka_2.13-3.1.0/bin/../libs/paranamer-2.8.jar:/home/bearkiller/dev/SoftwareArchitectures/project2/kafka_2.13-3.1.0/bin/../libs/plexus-utils-3.2.1.jar:/home/bearkiller/dev/SoftwareArchitectures/project2/kafka_2.13-3.1.0/bin/../libs/reflections-0.9.12.jar:/home/bearkiller/dev/SoftwareArchitectures/project2/kafka_2.13-3.1.0/bin/../libs/rocksdbjni-6.22.1.1.jar:/home/bearkiller/dev/SoftwareArchitectures/project2/kafka_2.13-3.1.0/bin/../libs/scala-collection-compat_2.13-2.4.4.jar:/home/bearkiller/dev/SoftwareArchitectures/project2/kafka_2.13-3.1.0/bin/../libs/scala-java8-compat_2.13-1.0.0.jar:/home/bearkiller/dev/SoftwareArchitectures/project2/kafka_2.13-3.1.0/bin/../libs/scala-library-2.13.6.jar:/home/bearkiller/dev/SoftwareArchitectures/project2/kafka_2.13-3.1.0/bin/../libs/scala-logging_2.13-3.9.3.jar:/home/bearkiller/dev/SoftwareArchitectures/project2/kafka_2.13-3.1.0/bin/../libs/scala-reflect-2.13.6.jar:/home/bearkiller/dev/SoftwareArchitectures/project2/kafka_2.13-3.1.0/bin/../libs/slf4j-api-1.7.30.jar:/home/bearkiller/dev/SoftwareArchitectures/project2/kafka_2.13-3.1.0/bin/../libs/slf4j-log4j12-1.7.30.jar:/home/bearkiller/dev/SoftwareArchitectures/project2/kafka_2.13-3.1.0/bin/../libs/snappy-java-1.1.8.4.jar:/home/bearkiller/dev/SoftwareArchitectures/project2/kafka_2.13-3.1.0/bin/../libs/trogdor-3.1.0.jar:/home/bearkiller/dev/SoftwareArchitectures/project2/kafka_2.13-3.1.0/bin/../libs/zookeeper-3.6.3.jar:/home/bearkiller/dev/SoftwareArchitectures/project2/kafka_2.13-3.1.0/bin/../libs/zookeeper-jute-3.6.3.jar:/home/bearkiller/dev/SoftwareArchitectures/project2/kafka_2.13-3.1.0/bin/../libs/zstd-jni-1.5.0-4.jar (org.apache.zookeeper.server.ZooKeeperServer)
[2022-05-14 16:01:45,685] INFO Server environment:java.library.path=/usr/java/packages/lib:/usr/lib64:/lib64:/lib:/usr/lib (org.apache.zookeeper.server.ZooKeeperServer)
[2022-05-14 16:01:45,685] INFO Server environment:java.io.tmpdir=/tmp (org.apache.zookeeper.server.ZooKeeperServer)
[2022-05-14 16:01:45,685] INFO Server environment:java.compiler=<NA> (org.apache.zookeeper.server.ZooKeeperServer)
[2022-05-14 16:01:45,685] INFO Server environment:os.name=Linux (org.apache.zookeeper.server.ZooKeeperServer)
[2022-05-14 16:01:45,686] INFO Server environment:os.arch=amd64 (org.apache.zookeeper.server.ZooKeeperServer)
[2022-05-14 16:01:45,686] INFO Server environment:os.version=5.17.4-arch1-1 (org.apache.zookeeper.server.ZooKeeperServer)
[2022-05-14 16:01:45,686] INFO Server environment:user.name=root (org.apache.zookeeper.server.ZooKeeperServer)
[2022-05-14 16:01:45,686] INFO Server environment:user.home=/root (org.apache.zookeeper.server.ZooKeeperServer)
[2022-05-14 16:01:45,686] INFO Server environment:user.dir=/home/bearkiller/dev/SoftwareArchitectures/project2/kafka_2.13-3.1.0/bin (org.apache.zookeeper.server.ZooKeeperServer)
[2022-05-14 16:01:45,686] INFO Server environment:os.memory.free=495MB (org.apache.zookeeper.server.ZooKeeperServer)
[2022-05-14 16:01:45,686] INFO Server environment:os.memory.max=512MB (org.apache.zookeeper.server.ZooKeeperServer)
[2022-05-14 16:01:45,686] INFO Server environment:os.memory.total=512MB (org.apache.zookeeper.server.ZooKeeperServer)
[2022-05-14 16:01:45,686] INFO zookeeper.enableEagerACLCheck = false (org.apache.zookeeper.server.ZooKeeperServer)
[2022-05-14 16:01:45,686] INFO zookeeper.digest.enabled = true (org.apache.zookeeper.server.ZooKeeperServer)
[2022-05-14 16:01:45,686] INFO zookeeper.closeSessionTxn.enabled = true (org.apache.zookeeper.server.ZooKeeperServer)
[2022-05-14 16:01:45,686] INFO zookeeper.flushDelay=0 (org.apache.zookeeper.server.ZooKeeperServer)
[2022-05-14 16:01:45,686] INFO zookeeper.maxWriteQueuePollTime=0 (org.apache.zookeeper.server.ZooKeeperServer)
[2022-05-14 16:01:45,686] INFO zookeeper.maxBatchSize=1000 (org.apache.zookeeper.server.ZooKeeperServer)
[2022-05-14 16:01:45,686] INFO zookeeper.intBufferStartingSizeBytes = 1024 (org.apache.zookeeper.server.ZooKeeperServer)
[2022-05-14 16:01:45,687] INFO Weighed connection throttling is disabled (org.apache.zookeeper.server.BlueThrottle)
[2022-05-14 16:01:45,687] INFO minSessionTimeout set to 6000 (org.apache.zookeeper.server.ZooKeeperServer)
[2022-05-14 16:01:45,688] INFO maxSessionTimeout set to 60000 (org.apache.zookeeper.server.ZooKeeperServer)
[2022-05-14 16:01:45,688] INFO Response cache size is initialized with value 400. (org.apache.zookeeper.server.ResponseCache)
[2022-05-14 16:01:45,688] INFO Response cache size is initialized with value 400. (org.apache.zookeeper.server.ResponseCache)
[2022-05-14 16:01:45,689] INFO zookeeper.pathStats.slotCapacity = 60 (org.apache.zookeeper.server.util.RequestPathMetricsCollector)
[2022-05-14 16:01:45,689] INFO zookeeper.pathStats.slotDuration = 15 (org.apache.zookeeper.server.util.RequestPathMetricsCollector)
[2022-05-14 16:01:45,689] INFO zookeeper.pathStats.maxDepth = 6 (org.apache.zookeeper.server.util.RequestPathMetricsCollector)
[2022-05-14 16:01:45,689] INFO zookeeper.pathStats.initialDelay = 5 (org.apache.zookeeper.server.util.RequestPathMetricsCollector)
[2022-05-14 16:01:45,689] INFO zookeeper.pathStats.delay = 5 (org.apache.zookeeper.server.util.RequestPathMetricsCollector)
[2022-05-14 16:01:45,689] INFO zookeeper.pathStats.enabled = false (org.apache.zookeeper.server.util.RequestPathMetricsCollector)
[2022-05-14 16:01:45,691] INFO The max bytes for all large requests are set to 104857600 (org.apache.zookeeper.server.ZooKeeperServer)
[2022-05-14 16:01:45,691] INFO The large request threshold is set to -1 (org.apache.zookeeper.server.ZooKeeperServer)
[2022-05-14 16:01:45,691] INFO Created server with tickTime 3000 minSessionTimeout 6000 maxSessionTimeout 60000 clientPortListenBacklog -1 datadir /tmp/zookeeper/version-2 snapdir /tmp/zookeeper/version-2 (org.apache.zookeeper.server.ZooKeeperServer)
[2022-05-14 16:01:45,698] INFO Using org.apache.zookeeper.server.NIOServerCnxnFactory as server connection factory (org.apache.zookeeper.server.ServerCnxnFactory)
[2022-05-14 16:01:45,699] WARN maxCnxns is not configured, using default value 0. (org.apache.zookeeper.server.ServerCnxnFactory)
[2022-05-14 16:01:45,700] INFO Configuring NIO connection handler with 10s sessionless connection timeout, 2 selector thread(s), 24 worker threads, and 64 kB direct buffers. (org.apache.zookeeper.server.NIOServerCnxnFactory)
[2022-05-14 16:01:45,703] INFO binding to port 0.0.0.0/0.0.0.0:2181 (org.apache.zookeeper.server.NIOServerCnxnFactory)
[2022-05-14 16:01:45,712] INFO Using org.apache.zookeeper.server.watch.WatchManager as watch manager (org.apache.zookeeper.server.watch.WatchManagerFactory)
[2022-05-14 16:01:45,712] INFO Using org.apache.zookeeper.server.watch.WatchManager as watch manager (org.apache.zookeeper.server.watch.WatchManagerFactory)
[2022-05-14 16:01:45,712] INFO zookeeper.snapshotSizeFactor = 0.33 (org.apache.zookeeper.server.ZKDatabase)
[2022-05-14 16:01:45,712] INFO zookeeper.commitLogCount=500 (org.apache.zookeeper.server.ZKDatabase)
[2022-05-14 16:01:45,714] INFO zookeeper.snapshot.compression.method = CHECKED (org.apache.zookeeper.server.persistence.SnapStream)
[2022-05-14 16:01:45,715] INFO Reading snapshot /tmp/zookeeper/version-2/snapshot.0 (org.apache.zookeeper.server.persistence.FileSnap)
[2022-05-14 16:01:45,717] INFO The digest value is empty in snapshot (org.apache.zookeeper.server.DataTree)
[2022-05-14 16:01:45,719] INFO Snapshot loaded in 6 ms, highest zxid is 0x0, digest is 1371985504 (org.apache.zookeeper.server.ZKDatabase)
[2022-05-14 16:01:45,719] INFO Snapshotting: 0x0 to /tmp/zookeeper/version-2/snapshot.0 (org.apache.zookeeper.server.persistence.FileTxnSnapLog)
[2022-05-14 16:01:45,719] INFO Snapshot taken in 1 ms (org.apache.zookeeper.server.ZooKeeperServer)
[2022-05-14 16:01:45,726] INFO PrepRequestProcessor (sid:0) started, reconfigEnabled=false (org.apache.zookeeper.server.PrepRequestProcessor)
[2022-05-14 16:01:45,726] INFO zookeeper.request_throttler.shutdownTimeout = 10000 (org.apache.zookeeper.server.RequestThrottler)
[2022-05-14 16:01:45,739] INFO Using checkIntervalMs=60000 maxPerMinute=10000 maxNeverUsedIntervalMs=0 (org.apache.zookeeper.server.ContainerManager)
[2022-05-14 16:01:45,739] INFO ZooKeeper audit is disabled. (org.apache.zookeeper.audit.ZKAuditProvider)
[2022-05-14 16:02:01,548] INFO Creating new log file: log.1 (org.apache.zookeeper.server.persistence.FileTxnLog)
